<?xml version="1.0" encoding="UTF-8"?>
<!-- Generated by org.testng.reporters.JUnitReportReporter -->
<testsuite hostname="DESKTOP-RRMKHGR" failures="0" tests="1" name="demo1.Testcase1" time="7.610" errors="0" timestamp="2025-02-24T12:14:28 IST" skipped="0">
  <testcase classname="demo1.Testcase1" name="users" time="7.610"/>
  <system-out/>
</testsuite> <!-- demo1.Testcase1 -->
